[debug] [2026-04-01T01:00:38.875Z] ----------------------------------------------------------------------
[debug] [2026-04-01T01:00:38.877Z] Command:       C:\Program Files\nodejs\node.exe C:\Users\User\AppData\Roaming\npm\node_modules\firebase-tools\lib\bin\firebase.js init hosting
[debug] [2026-04-01T01:00:38.877Z] CLI Version:   15.12.0
[debug] [2026-04-01T01:00:38.877Z] Platform:      win32
[debug] [2026-04-01T01:00:38.877Z] Node Version:  v24.14.0
[debug] [2026-04-01T01:00:38.877Z] Time:          Wed Apr 01 2026 09:00:38 GMT+0800 (台北標準時間)
[debug] [2026-04-01T01:00:38.877Z] ----------------------------------------------------------------------
[debug] 
[info] 
     ######## #### ########  ######## ########     ###     ######  ########
     ##        ##  ##     ## ##       ##     ##  ##   ##  ##       ##
     ######    ##  ########  ######   ########  #########  ######  ######
     ##        ##  ##    ##  ##       ##     ## ##     ##       ## ##
     ##       #### ##     ## ######## ########  ##     ##  ######  ########

You're about to initialize a Firebase project in this directory:

  C:\Users\User\Desktop\專案庫\Active\Chewsy

[info] 
=== Project Setup
[info] 
[info] First, let's associate this project directory with a Firebase project.
[info] You can create multiple project aliases by running firebase use --add, 
[info] 
[debug] [2026-04-01T01:00:48.633Z] > command requires scopes: ["email","openid","https://www.googleapis.com/auth/cloudplatformprojects.readonly","https://www.googleapis.com/auth/firebase","https://www.googleapis.com/auth/cloud-platform"]
[debug] [2026-04-01T01:00:48.634Z] > authorizing via signed-in user (jg971402@gmail.com)
[debug] [2026-04-01T01:00:48.634Z] Checked if tokens are valid: true, expires at: 1775008830485
[debug] [2026-04-01T01:00:48.635Z] Checked if tokens are valid: true, expires at: 1775008830485
[debug] [2026-04-01T01:00:48.635Z] >>> [apiv2][query] GET https://firebase.googleapis.com/v1beta1/projects pageSize=100
[debug] [2026-04-01T01:00:49.210Z] <<< [apiv2][status] GET https://firebase.googleapis.com/v1beta1/projects 200
[debug] [2026-04-01T01:00:49.210Z] <<< [apiv2][body] GET https://firebase.googleapis.com/v1beta1/projects [omitted]
[info] 
=== Hosting Setup
[debug] [2026-04-01T01:00:58.856Z] Checked if tokens are valid: true, expires at: 1775008830485
[debug] [2026-04-01T01:00:58.856Z] Checked if tokens are valid: true, expires at: 1775008830485
[debug] [2026-04-01T01:00:58.856Z] >>> [apiv2][query] GET https://firebase.googleapis.com/v1beta1/projects/chewsy-51ce4 [none]
[debug] [2026-04-01T01:00:59.164Z] <<< [apiv2][status] GET https://firebase.googleapis.com/v1beta1/projects/chewsy-51ce4 200
[debug] [2026-04-01T01:00:59.165Z] <<< [apiv2][body] GET https://firebase.googleapis.com/v1beta1/projects/chewsy-51ce4 {"projectId":"chewsy-51ce4","projectNumber":"560855165113","displayName":"Chewsy","name":"projects/chewsy-51ce4","resources":{"hostingSite":"chewsy-51ce4","realtimeDatabaseInstance":"chewsy-51ce4-default-rtdb"},"state":"ACTIVE","etag":"1_b6feb50f-488e-413f-a4ae-8cfc549f6c5f"}
[info] 
[info] Your public directory is the folder (relative to your project directory) that
[info] will contain Hosting assets to be uploaded with firebase deploy. If you
[info] have a build process for your assets, use your build's output directory.
[info] 
